{
  "RSpec": {
    "coverage": {
      "/Users/nachoferrari/Desktop/Sirius/ruby/rails-backend-challenge/app/channels/application_cable/channel.rb": {
        "lines": [
          1,
          1,
          null,
          null
        ]
      },
      "/Users/nachoferrari/Desktop/Sirius/ruby/rails-backend-challenge/app/channels/application_cable/connection.rb": {
        "lines": [
          1,
          1,
          null,
          null
        ]
      },
      "/Users/nachoferrari/Desktop/Sirius/ruby/rails-backend-challenge/app/controllers/application_controller.rb": {
        "lines": [
          1,
          1,
          1,
          1,
          1,
          1,
          null,
          null,
          1,
          1,
          null,
          null,
          1,
          8,
          null,
          null,
          8,
          8,
          null,
          null,
          1,
          null,
          2,
          2,
          null,
          1,
          null,
          null,
          1,
          null,
          1,
          0,
          null,
          0,
          0,
          null,
          null,
          1,
          null,
          null,
          null,
          1,
          33,
          null,
          null,
          1,
          1,
          15,
          null,
          null,
          null,
          null,
          null,
          null
        ]
      },
      "/Users/nachoferrari/Desktop/Sirius/ruby/rails-backend-challenge/app/controllers/sent_mails_controller.rb": {
        "lines": [
          1,
          1,
          1,
          null,
          null,
          1,
          0,
          null,
          0,
          null,
          null,
          null,
          1,
          1,
          null,
          1,
          null,
          null,
          null,
          1,
          0,
          null,
          null,
          null,
          1,
          3,
          3,
          null,
          3,
          null,
          null,
          3,
          1,
          null,
          2,
          null,
          null,
          null,
          null,
          1,
          0,
          null,
          null,
          1,
          null,
          1,
          0,
          null,
          null,
          null,
          1,
          6,
          null,
          null
        ]
      },
      "/Users/nachoferrari/Desktop/Sirius/ruby/rails-backend-challenge/app/controllers/users_controller.rb": {
        "lines": [
          1,
          1,
          1,
          null,
          null,
          1,
          0,
          null,
          0,
          null,
          null,
          null,
          1,
          0,
          0,
          0,
          0,
          null,
          0,
          null,
          null,
          null,
          null,
          1,
          1,
          null,
          null,
          null,
          1,
          0,
          null,
          0,
          null,
          null,
          null,
          1,
          3,
          null,
          3,
          2,
          2,
          2,
          null,
          1,
          null,
          null,
          null,
          null,
          1,
          6,
          6,
          6,
          6,
          6,
          null,
          0,
          null,
          null,
          null,
          null,
          1,
          0,
          null,
          null,
          1,
          null,
          1,
          0,
          null,
          null,
          null,
          1,
          6,
          null,
          null
        ]
      },
      "/Users/nachoferrari/Desktop/Sirius/ruby/rails-backend-challenge/app/jobs/application_job.rb": {
        "lines": [
          1,
          null,
          null,
          null,
          null,
          null,
          null
        ]
      },
      "/Users/nachoferrari/Desktop/Sirius/ruby/rails-backend-challenge/app/mailers/application_mailer.rb": {
        "lines": [
          1,
          1,
          1,
          1,
          0,
          null,
          1,
          3,
          3,
          3,
          null,
          null
        ]
      },
      "/Users/nachoferrari/Desktop/Sirius/ruby/rails-backend-challenge/app/mailers/mailgun_mailer.rb": {
        "lines": [
          1,
          null,
          1,
          1,
          0,
          0,
          null,
          0,
          0,
          null,
          0,
          0,
          0,
          null,
          null,
          0,
          null,
          null,
          null,
          null,
          0,
          null,
          null
        ]
      },
      "/Users/nachoferrari/Desktop/Sirius/ruby/rails-backend-challenge/app/mailers/rails_mailer.rb": {
        "lines": [
          1,
          1,
          3,
          3,
          3,
          null,
          null
        ]
      },
      "/Users/nachoferrari/Desktop/Sirius/ruby/rails-backend-challenge/app/models/ability.rb": {
        "lines": [
          null,
          null,
          1,
          1,
          null,
          1,
          null,
          null,
          14,
          14,
          1,
          1,
          null,
          null,
          14,
          5,
          null,
          null,
          null,
          null,
          null,
          null,
          null,
          null,
          null,
          null,
          null,
          null,
          null,
          null,
          null,
          null,
          null,
          null,
          null,
          null,
          null,
          null
        ]
      },
      "/Users/nachoferrari/Desktop/Sirius/ruby/rails-backend-challenge/app/models/application_record.rb": {
        "lines": [
          1,
          1,
          null
        ]
      },
      "/Users/nachoferrari/Desktop/Sirius/ruby/rails-backend-challenge/app/models/role.rb": {
        "lines": [
          1,
          1,
          null,
          1,
          null,
          null,
          null,
          null,
          1,
          null,
          null,
          null,
          1,
          null
        ]
      },
      "/Users/nachoferrari/Desktop/Sirius/ruby/rails-backend-challenge/app/models/sent_mail.rb": {
        "lines": [
          1,
          1,
          1,
          1,
          1,
          null,
          1,
          1003,
          1003,
          1003,
          2,
          null,
          null,
          null
        ]
      },
      "/Users/nachoferrari/Desktop/Sirius/ruby/rails-backend-challenge/app/models/user.rb": {
        "lines": [
          1,
          1,
          1,
          1,
          1,
          1,
          1,
          1,
          null,
          null,
          1,
          2,
          null,
          null,
          1,
          6,
          null,
          null,
          1,
          6,
          null,
          null,
          1,
          0,
          null,
          null
        ]
      },
      "/Users/nachoferrari/Desktop/Sirius/ruby/rails-backend-challenge/app/serializers/sent_mail_serializer.rb": {
        "lines": [
          1,
          1,
          null,
          1,
          2,
          null,
          null
        ]
      },
      "/Users/nachoferrari/Desktop/Sirius/ruby/rails-backend-challenge/app/serializers/user_serializer.rb": {
        "lines": [
          1,
          1,
          null
        ]
      },
      "/Users/nachoferrari/Desktop/Sirius/ruby/rails-backend-challenge/lib/contrived_math.rb": {
        "lines": [

        ],
        "branches": {
        }
      }
    },
    "timestamp": 1675172262
  }
}
